c:\users\inter\desktop\fortnite\dll\code\logs\vc142.pdb
c:\users\inter\desktop\fortnite\dll\code\logs\imgui_impl_dx11.obj
c:\users\inter\desktop\fortnite\dll\code\logs\imgui_draw.obj
c:\users\inter\desktop\fortnite\dll\code\logs\imgui.obj
c:\users\inter\desktop\fortnite\dll\code\logs\dllmain.obj
c:\users\inter\desktop\fortnite\dll\build\build.ipdb
c:\users\inter\desktop\fortnite\dll\build\build.iobj
c:\users\inter\desktop\fortnite\dll\build\build.dll
c:\users\inter\desktop\fortnite\dll\build\build.pdb
c:\users\inter\desktop\fortnite\dll\code\logs\shellcode.obj
c:\users\inter\desktop\fortnite\dll\code\..\build\build.dll
c:\users\inter\desktop\fortnite\dll\code\logs\code.tlog\cl.command.1.tlog
c:\users\inter\desktop\fortnite\dll\code\logs\code.tlog\cl.read.1.tlog
c:\users\inter\desktop\fortnite\dll\code\logs\code.tlog\cl.write.1.tlog
c:\users\inter\desktop\fortnite\dll\code\logs\code.tlog\code.write.1u.tlog
c:\users\inter\desktop\fortnite\dll\code\logs\code.tlog\link.command.1.tlog
c:\users\inter\desktop\fortnite\dll\code\logs\code.tlog\link.read.1.tlog
c:\users\inter\desktop\fortnite\dll\code\logs\code.tlog\link.write.1.tlog
c:\users\inter\desktop\fortnite\dll\code\logs\code.tlog\masm.read.1u.tlog
c:\users\inter\desktop\fortnite\dll\code\logs\code.tlog\masm.write.1u.tlog
